<?xml version="1.0" encoding="utf-8"?><testsuites name="pytest tests"><testsuite name="pytest" errors="0" failures="0" skipped="0" tests="12" time="13.051" timestamp="2026-04-24T22:07:30.532290+00:00" hostname="agent-env-78c1b0eb-4d46-4046-bfdc-1d414160bb16"><testcase classname="backend.tests.test_rag_api.TestHealthAndRoot" name="test_root_endpoint" time="0.193" /><testcase classname="backend.tests.test_rag_api.TestDatasetInfo" name="test_get_dataset_info" time="0.172" /><testcase classname="backend.tests.test_rag_api.TestTrainingStatus" name="test_get_training_status" time="0.300" /><testcase classname="backend.tests.test_rag_api.TestTrainEndpoint" name="test_train_endpoint_exists" time="0.218" /><testcase classname="backend.tests.test_rag_api.TestRAGQuery" name="test_rag_query_basic" time="0.981" /><testcase classname="backend.tests.test_rag_api.TestRAGQuery" name="test_rag_query_with_framework_filter" time="0.918" /><testcase classname="backend.tests.test_rag_api.TestRAGQuery" name="test_rag_query_categories" time="1.005" /><testcase classname="backend.tests.test_rag_api.TestGenerateEndpoint" name="test_generate_requires_all_fields" time="0.188" /><testcase classname="backend.tests.test_rag_api.TestGenerateEndpoint" name="test_generate_with_small_image_fails" time="8.446" /><testcase classname="backend.tests.test_rag_api.TestProjectsEndpoint" name="test_get_projects_list" time="0.161" /><testcase classname="backend.tests.test_rag_api.TestProjectsEndpoint" name="test_get_nonexistent_project" time="0.196" /><testcase classname="backend.tests.test_rag_api.TestTrainingStatusVerification" name="test_status_shows_1748_entries" time="0.136" /></testsuite></testsuites>