<?xml version="1.0" encoding="utf-8"?><testsuites name="pytest tests"><testsuite name="pytest" errors="0" failures="1" skipped="0" tests="13" time="31.292" timestamp="2026-04-24T21:19:37.554114+00:00" hostname="agent-env-78c1b0eb-4d46-4046-bfdc-1d414160bb16"><testcase classname="tests.test_rag_api.TestHealthAndRoot" name="test_root_endpoint" time="0.332" /><testcase classname="tests.test_rag_api.TestTrainingStatus" name="test_get_training_status" time="0.226" /><testcase classname="tests.test_rag_api.TestDatasetInfo" name="test_get_dataset_info" time="0.173" /><testcase classname="tests.test_rag_api.TestTrainEndpoint" name="test_train_rag_model" time="10.400" /><testcase classname="tests.test_rag_api.TestRAGQuery" name="test_rag_query_basic" time="0.900" /><testcase classname="tests.test_rag_api.TestRAGQuery" name="test_rag_query_with_framework_filter" time="0.926" /><testcase classname="tests.test_rag_api.TestRAGQuery" name="test_rag_query_not_trained_error" time="0.196" /><testcase classname="tests.test_rag_api.TestGenerateEndpoint" name="test_generate_requires_all_fields" time="0.158" /><testcase classname="tests.test_rag_api.TestGenerateEndpoint" name="test_generate_with_valid_image" time="5.755"><failure message="AssertionError: Generate failed: {&quot;detail&quot;:&quot;Failed to generate code: Failed to generate chat completion: litellm.BadRequestError: OpenAIException - litellm.BadRequestError: GeminiException BadRequestError - {\n  \&quot;error\&quot;: {\n    \&quot;code\&quot;: 400,\n    \&quot;message\&quot;: \&quot;Unable to process input image. Please retry or report in https://developers.generativeai.google/guide/troubleshooting\&quot;,\n    \&quot;status\&quot;: \&quot;INVALID_ARGUMENT\&quot;\n  }\n}\n. Received Model Group=gemini/gemini-3-flash-preview\nAvailable Model Group Fallbacks=None&quot;}&#10;assert 500 == 200&#10; +  where 500 = &lt;Response [500]&gt;.status_code">tests/test_rag_api.py:219: in test_generate_with_valid_image
    assert response.status_code == 200, f"Generate failed: {response.text}"
E   AssertionError: Generate failed: {"detail":"Failed to generate code: Failed to generate chat completion: litellm.BadRequestError: OpenAIException - litellm.BadRequestError: GeminiException BadRequestError - {\n  \"error\": {\n    \"code\": 400,\n    \"message\": \"Unable to process input image. Please retry or report in https://developers.generativeai.google/guide/troubleshooting\",\n    \"status\": \"INVALID_ARGUMENT\"\n  }\n}\n. Received Model Group=gemini/gemini-3-flash-preview\nAvailable Model Group Fallbacks=None"}
E   assert 500 == 200
E    +  where 500 = &lt;Response [500]&gt;.status_code</failure></testcase><testcase classname="tests.test_rag_api.TestProjectsEndpoint" name="test_get_projects_list" time="0.213" /><testcase classname="tests.test_rag_api.TestProjectsEndpoint" name="test_get_project_by_id" time="0.704" /><testcase classname="tests.test_rag_api.TestProjectsEndpoint" name="test_get_nonexistent_project" time="0.187" /><testcase classname="tests.test_rag_api.TestTrainingStatusAfterTrain" name="test_status_shows_trained" time="10.488" /></testsuite></testsuites>